{
  "RSpec": {
    "coverage": {
      "/Users/katrinaharradine/Documents/Coding/Makers/projects/week_4/bookmark-ollie/bookmarks/spec/bookmark_spec.rb": {
        "lines": [
          1,
          1,
          null,
          null,
          1,
          null,
          1,
          1,
          1,
          null,
          1,
          1,
          1,
          null,
          1,
          null,
          1,
          1,
          1,
          1,
          1,
          null,
          null,
          null,
          1,
          1,
          1,
          1,
          null,
          1,
          1,
          1,
          1,
          null,
          null,
          null,
          1,
          1,
          1,
          null,
          1,
          null,
          1,
          null,
          null,
          null,
          null
        ]
      },
      "/Users/katrinaharradine/Documents/Coding/Makers/projects/week_4/bookmark-ollie/bookmarks/spec/database_helpers.rb": {
        "lines": [
          1,
          null,
          1,
          1,
          1,
          1,
          null
        ]
      },
      "/Users/katrinaharradine/Documents/Coding/Makers/projects/week_4/bookmark-ollie/bookmarks/spec/feature/adding_bookmarks_spec.rb": {
        "lines": [
          1,
          1,
          1,
          1,
          1,
          null,
          null,
          1,
          1,
          1,
          1,
          1,
          1,
          null,
          null
        ]
      },
      "/Users/katrinaharradine/Documents/Coding/Makers/projects/week_4/bookmark-ollie/bookmarks/spec/feature/bookmarks_page_spec.rb": {
        "lines": [
          1,
          null,
          1,
          1,
          null,
          1,
          null,
          1,
          1,
          1,
          null,
          1,
          null,
          1,
          1,
          1,
          null,
          null,
          null
        ]
      },
      "/Users/katrinaharradine/Documents/Coding/Makers/projects/week_4/bookmark-ollie/bookmarks/spec/feature/deleting_bookmarks_spec.rb": {
        "lines": [
          1,
          1,
          1,
          1,
          1,
          1,
          1,
          null,
          1,
          null,
          1,
          1,
          null,
          null
        ]
      },
      "/Users/katrinaharradine/Documents/Coding/Makers/projects/week_4/bookmark-ollie/bookmarks/spec/feature/simple_index_spec.rb": {
        "lines": [
          1,
          1,
          1,
          1,
          null,
          null
        ]
      }
    },
    "timestamp": 1611845284
  }
}
